<?xml version="1.0" encoding="UTF-8"?>
<!-- Generated by org.testng.reporters.JUnitXMLReporter -->
<testsuite ignored="0" hostname="DOLAP045" failures="1" tests="4" name="Test" time="25.385" errors="0" timestamp="2024-05-09T12:10:18 IST">
  <testcase classname="Webapp.OnsightApp.OnsightTestCase" name="loginapp" time="0.259"/>
  <testcase classname="Webapp.OnsightApp.OnsightTestCase" name="summery" time="1.667"/>
  <testcase classname="Webapp.OnsightApp.OnsightTestCase" name="verifyMasterSummery" time="15.862"/>
  <testcase classname="Webapp.OnsightApp.OnsightTestCase" name="verifyMasterGrandSummery" time="0.44">
    <failure type="java.lang.AssertionError" message="Error, Percentage is too high : 68.6 in Grand Total expected [true] but found [false]">
      <![CDATA[java.lang.AssertionError: Error, Percentage is too high : 68.6 in Grand Total expected [true] but found [false]
at Webapp.OnsightApp.OnsightTestCase.verifyMasterGrandSummery(OnsightTestCase.java:130)
at java.base/java.util.ArrayList.forEach(ArrayList.java:1511)
... Removed 30 stack frames]]>
    </failure>
  </testcase> <!-- verifyMasterGrandSummery -->
</testsuite> <!-- Test -->
